<?xml version="1.0" encoding="UTF-8"?>
<testsuite name="pt.up.fe.comp.cpf.Cpf4_Jasmin" tests="1" skipped="0" failures="1" errors="0" timestamp="2023-05-27T12:01:11" hostname="MSIUbuntu" time="0.613">
  <properties/>
  <testcase name="testing_cmplex" classname="pt.up.fe.comp.cpf.Cpf4_Jasmin" time="0.613">
    <failure message="java.lang.NullPointerException: Cannot invoke &quot;pt.up.fe.comp.jmm.analysis.table.Type.getName()&quot; because the return value of &quot;pt.up.fe.comp2023.analysis.SymbolTableImpl.getReturnType(String)&quot; is null" type="java.lang.NullPointerException">java.lang.NullPointerException: Cannot invoke &quot;pt.up.fe.comp.jmm.analysis.table.Type.getName()&quot; because the return value of &quot;pt.up.fe.comp2023.analysis.SymbolTableImpl.getReturnType(String)&quot; is null
	at pt.up.fe.comp2023.visitors.jasminvisitors.astvisitor.visit_ast_methodcall(astvisitor.java:368)
	at pt.up.fe.comp.jmm.ast.AJmmVisitor.visit(AJmmVisitor.java:67)
	at pt.up.fe.comp2023.visitors.jasminvisitors.astvisitor.lambda$visitDefault$0(astvisitor.java:643)
	at java.base/java.util.ArrayList$ArrayListSpliterator.forEachRemaining(ArrayList.java:1625)
	at java.base/java.util.stream.ReferencePipeline$Head.forEach(ReferencePipeline.java:762)
	at pt.up.fe.comp2023.visitors.jasminvisitors.astvisitor.visitDefault(astvisitor.java:643)
	at pt.up.fe.comp.jmm.ast.AJmmVisitor.visit(AJmmVisitor.java:67)
	at pt.up.fe.comp2023.visitors.jasminvisitors.astvisitor.visit_ast_mainmethod(astvisitor.java:252)
	at pt.up.fe.comp.jmm.ast.AJmmVisitor.visit(AJmmVisitor.java:67)
	at pt.up.fe.comp2023.visitors.jasminvisitors.astvisitor.visit_class(astvisitor.java:553)
	at pt.up.fe.comp.jmm.ast.AJmmVisitor.visit(AJmmVisitor.java:67)
	at pt.up.fe.comp2023.visitors.jasminvisitors.astvisitor.lambda$visitDefault$0(astvisitor.java:643)
	at java.base/java.util.ArrayList$ArrayListSpliterator.forEachRemaining(ArrayList.java:1625)
	at java.base/java.util.stream.ReferencePipeline$Head.forEach(ReferencePipeline.java:762)
	at pt.up.fe.comp2023.visitors.jasminvisitors.astvisitor.visitDefault(astvisitor.java:643)
	at pt.up.fe.comp.jmm.ast.AJmmVisitor.visit(AJmmVisitor.java:67)
	at pt.up.fe.comp2023.jasmin.JasminBackend.toJasmin(JasminBackend.java:45)
	at pt.up.fe.comp.TestUtils.backend(TestUtils.java:299)
	at pt.up.fe.comp.TestUtils.backend(TestUtils.java:330)
	at pt.up.fe.comp.TestUtils.backend(TestUtils.java:316)
	at pt.up.fe.comp.TestUtils.backend(TestUtils.java:312)
	at pt.up.fe.comp.cpf.Cpf4_Jasmin.getJasminResult(Cpf4_Jasmin.java:73)
	at pt.up.fe.comp.cpf.Cpf4_Jasmin.testing_cmplex(Cpf4_Jasmin.java:46)
	at java.base/jdk.internal.reflect.NativeMethodAccessorImpl.invoke0(Native Method)
	at java.base/jdk.internal.reflect.NativeMethodAccessorImpl.invoke(NativeMethodAccessorImpl.java:78)
	at java.base/jdk.internal.reflect.DelegatingMethodAccessorImpl.invoke(DelegatingMethodAccessorImpl.java:43)
	at java.base/java.lang.reflect.Method.invoke(Method.java:567)
	at org.junit.runners.model.FrameworkMethod$1.runReflectiveCall(FrameworkMethod.java:47)
	at org.junit.internal.runners.model.ReflectiveCallable.run(ReflectiveCallable.java:12)
	at org.junit.runners.model.FrameworkMethod.invokeExplosively(FrameworkMethod.java:44)
	at org.junit.internal.runners.statements.InvokeMethod.evaluate(InvokeMethod.java:17)
	at org.junit.runners.ParentRunner.runLeaf(ParentRunner.java:271)
	at org.junit.runners.BlockJUnit4ClassRunner.runChild(BlockJUnit4ClassRunner.java:70)
	at org.junit.runners.BlockJUnit4ClassRunner.runChild(BlockJUnit4ClassRunner.java:50)
	at org.junit.runners.ParentRunner$3.run(ParentRunner.java:238)
	at org.junit.runners.ParentRunner$1.schedule(ParentRunner.java:63)
	at org.junit.runners.ParentRunner.runChildren(ParentRunner.java:236)
	at org.junit.runners.ParentRunner.access$000(ParentRunner.java:53)
	at org.junit.runners.ParentRunner$2.evaluate(ParentRunner.java:229)
	at org.junit.runners.ParentRunner.run(ParentRunner.java:309)
	at org.gradle.api.internal.tasks.testing.junit.JUnitTestClassExecutor.runTestClass(JUnitTestClassExecutor.java:110)
	at org.gradle.api.internal.tasks.testing.junit.JUnitTestClassExecutor.execute(JUnitTestClassExecutor.java:58)
	at org.gradle.api.internal.tasks.testing.junit.JUnitTestClassExecutor.execute(JUnitTestClassExecutor.java:38)
	at org.gradle.api.internal.tasks.testing.junit.AbstractJUnitTestClassProcessor.processTestClass(AbstractJUnitTestClassProcessor.java:62)
	at org.gradle.api.internal.tasks.testing.SuiteTestClassProcessor.processTestClass(SuiteTestClassProcessor.java:51)
	at java.base/jdk.internal.reflect.NativeMethodAccessorImpl.invoke0(Native Method)
	at java.base/jdk.internal.reflect.NativeMethodAccessorImpl.invoke(NativeMethodAccessorImpl.java:78)
	at java.base/jdk.internal.reflect.DelegatingMethodAccessorImpl.invoke(DelegatingMethodAccessorImpl.java:43)
	at java.base/java.lang.reflect.Method.invoke(Method.java:567)
	at org.gradle.internal.dispatch.ReflectionDispatch.dispatch(ReflectionDispatch.java:36)
	at org.gradle.internal.dispatch.ReflectionDispatch.dispatch(ReflectionDispatch.java:24)
	at org.gradle.internal.dispatch.ContextClassLoaderDispatch.dispatch(ContextClassLoaderDispatch.java:33)
	at org.gradle.internal.dispatch.ProxyDispatchAdapter$DispatchingInvocationHandler.invoke(ProxyDispatchAdapter.java:94)
	at jdk.proxy1/jdk.proxy1.$Proxy2.processTestClass(Unknown Source)
	at org.gradle.api.internal.tasks.testing.worker.TestWorker$2.run(TestWorker.java:176)
	at org.gradle.api.internal.tasks.testing.worker.TestWorker.executeAndMaintainThreadName(TestWorker.java:129)
	at org.gradle.api.internal.tasks.testing.worker.TestWorker.execute(TestWorker.java:100)
	at org.gradle.api.internal.tasks.testing.worker.TestWorker.execute(TestWorker.java:60)
	at org.gradle.process.internal.worker.child.ActionExecutionWorker.execute(ActionExecutionWorker.java:56)
	at org.gradle.process.internal.worker.child.SystemApplicationClassLoaderWorker.call(SystemApplicationClassLoaderWorker.java:133)
	at org.gradle.process.internal.worker.child.SystemApplicationClassLoaderWorker.call(SystemApplicationClassLoaderWorker.java:71)
	at worker.org.gradle.process.internal.worker.GradleWorkerMain.run(GradleWorkerMain.java:69)
	at worker.org.gradle.process.internal.worker.GradleWorkerMain.main(GradleWorkerMain.java:74)
</failure>
  </testcase>
  <system-out><![CDATA[]]></system-out>
  <system-err><![CDATA[]]></system-err>
</testsuite>
